<?xml version="1.0" encoding="UTF-8"?>
<!-- Generated by org.testng.reporters.JUnitReportReporter -->
<testsuite skipped="0" hostname="jop55-dt" name="com.breakit2makeit.cucumberFrameWork.AppTest" tests="1" failures="0" timestamp="14 Jun 2018 19:34:14 GMT" time="0.000" errors="0">
  <testcase name="testApp" time="0.000" classname="com.breakit2makeit.cucumberFrameWork.AppTest"/>
</testsuite> <!-- com.breakit2makeit.cucumberFrameWork.AppTest -->
