<?xml version="1.0" encoding="UTF-8"?>
<!-- Generated by org.testng.reporters.JUnitReportReporter -->
<testsuite skipped="2" hostname="DBMIADM-UT7E3RA" name="tests.TestRun" tests="2" failures="0" timestamp="22 Jun 2018 21:35:53 GMT" time="106.563" errors="0">
  <testcase name="runScenario" time="87.154" classname="tests.TestRun">
    <skipped/>
  </testcase> <!-- runScenario -->
  <testcase name="runScenario" time="19.409" classname="tests.TestRun">
    <skipped/>
  </testcase> <!-- runScenario -->
</testsuite> <!-- tests.TestRun -->
