<?xml version="1.0" encoding="UTF-8"?>
<!-- Generated by org.testng.reporters.JUnitReportReporter -->
<testsuite skipped="0" hostname="DBMIADM-UT7E3RA" name="com.breakit2makeit.cucumberFrameWork.TestBase" tests="1" failures="0" timestamp="21 Jun 2018 16:02:57 GMT" time="150.733" errors="0">
  <testcase name="testBase" time="150.733" classname="com.breakit2makeit.cucumberFrameWork.TestBase"/>
</testsuite> <!-- com.breakit2makeit.cucumberFrameWork.TestBase -->
