<?xml version="1.0" encoding="UTF-8"?>
<!-- Generated by org.testng.reporters.JUnitReportReporter -->
<testsuite skipped="0" hostname="DBMIADM-UT7E3RA" name="stepdefinition.TestHomePage" tests="1" failures="0" timestamp="21 Jun 2018 23:32:19 GMT" time="106.299" errors="0">
  <testcase name="testBase" time="106.299" classname="stepdefinition.TestHomePage"/>
</testsuite> <!-- stepdefinition.TestHomePage -->
