<?xml version="1.0" encoding="UTF-8"?>
<!-- Generated by org.testng.reporters.JUnitReportReporter -->
<testsuite skipped="0" hostname="DBMIADM-UT7E3RA" name="stepdefinition.HomePage" tests="1" failures="0" timestamp="21 Jun 2018 17:50:28 GMT" time="52.641" errors="0">
  <testcase name="testBase" time="52.641" classname="stepdefinition.HomePage"/>
</testsuite> <!-- stepdefinition.HomePage -->
