<?xml version="1.0" encoding="UTF-8"?>
<!-- Generated by org.testng.reporters.JUnitReportReporter -->
<testsuite skipped="0" hostname="jop55-dt" name="com.breakit2makeit.cucumberFrameWork.TestBase" tests="1" failures="0" timestamp="18 Jun 2018 19:25:21 GMT" time="52.459" errors="0">
  <testcase name="testBase" time="52.459" classname="com.breakit2makeit.cucumberFrameWork.TestBase"/>
</testsuite> <!-- com.breakit2makeit.cucumberFrameWork.TestBase -->
